
 ╔═══════════════════════════════════════════════════════╗
 ║    ___                  _ _____     _                 ║
 ║   / _ \ _ __ ___  _ __ (_)_   _|__ | | __             ║
 ║  | | | | '_ ` _ \| '_ \| | | |/ _ \| |/ /            ║
 ║  | |_| | | | | | | | | | | | | (_) |   <             ║
 ║   \___/|_| |_| |_|_| |_|_| |_|\___/|_|\_\            ║
 ║                                                       ║
 ║   Multi-Teacher Visual Tokenizer Framework            ║
 ╚═══════════════════════════════════════════════════════╝

                                            Experiment: omnitok                                            
┏━━━━━━━━━━━━━━━━━━━━━━━━━━━━━━━━┳━━━━━━━━━━━━━━━━━━━━━━━━━━━━━━━━━━━━━━━━━━━━━━━━━━━━━━━━━━━━━━━━━━━━━━━━┓
┃ Parameter                      ┃ Value                                                                  ┃
┡━━━━━━━━━━━━━━━━━━━━━━━━━━━━━━━━╇━━━━━━━━━━━━━━━━━━━━━━━━━━━━━━━━━━━━━━━━━━━━━━━━━━━━━━━━━━━━━━━━━━━━━━━━┩
│ encoder.img_size               │ 256                                                                    │
│ encoder.patch_size             │ 16                                                                     │
│ encoder.embed_dim              │ 768                                                                    │
│ encoder.depth                  │ 12                                                                     │
│ encoder.num_heads              │ 12                                                                     │
│ encoder.ffn_layer              │ mlp                                                                    │
│ encoder.norm_layer             │ layernorm                                                              │
│ encoder.vit_feature_bottleneck │ 32                                                                     │
│ decoder.in_chans               │ 32                                                                     │
│ decoder.out_chans              │ 3                                                                      │
│ decoder.upscale_factor         │ 16                                                                     │
│ decoder.embed_dim              │ 768                                                                    │
│ decoder.depth                  │ 12                                                                     │
│ decoder.num_heads              │ 12                                                                     │
│ decoder.ffn_layer              │ mlp                                                                    │
│ decoder.norm_layer             │ layernorm                                                              │
│ teachers.dinov2.model_name     │ dinov2_vitl14                                                          │
│ alignment.type                 │ cosine                                                                 │
│ alignment.weight               │ 1.0                                                                    │
│ losses.reconstruction.recon_t… │ l1                                                                     │
│ losses.reconstruction.recon_w… │ 1.0                                                                    │
│ losses.reconstruction.percept… │ 1.0                                                                    │
│ losses.kl.weight               │ 1e-06                                                                  │
│ losses.gan.enabled             │ False                                                                  │
│ losses.gan.n_layers            │ 3                                                                      │
│ losses.gan.disc_start          │ 50000                                                                  │
│ losses.gan.disc_weight         │ 0.5                                                                    │
│ losses.gan.lecam_weight        │ 0.01                                                                   │
│ data.root                      │ dummy_data                                                             │
│ data.image_size                │ 256                                                                    │
│ data.batch_size                │ 2                                                                      │
│ data.num_workers               │ 8                                                                      │
│ data.pin_memory                │ True                                                                   │
│ training.max_steps             │ 2                                                                      │
│ training.seed                  │ 42                                                                     │
│ training.mixed_precision       │ bf16                                                                   │
│ training.grad_accum_steps      │ 1                                                                      │
│ training.grad_clip             │ 1.0                                                                    │
│ training.ema_decay             │ 0.9999                                                                 │
│ training.log_every             │ 100                                                                    │
│ training.save_every            │ 10000                                                                  │
│ training.output_dir            │ outputs/dummy_test                                                     │
│ training.use_wandb             │ False                                                                  │
│ optimizer.type                 │ adamw                                                                  │
│ optimizer.lr                   │ 0.0001                                                                 │
│ optimizer.weight_decay         │ 0.05                                                                   │
│ optimizer.betas                │ [0.9, 0.95]                                                            │
│ scheduler.type                 │ cosine                                                                 │
│ scheduler.warmup_steps         │ 5000                                                                   │
│ scheduler.min_lr               │ 1e-06                                                                  │
│ experiment.model.encoder.img_… │ 256                                                                    │
│ experiment.model.encoder.patc… │ 16                                                                     │
│ experiment.model.encoder.embe… │ 1024                                                                   │
│ experiment.model.encoder.depth │ 24                                                                     │
│ experiment.model.encoder.num_… │ 16                                                                     │
│ experiment.model.encoder.ffn_… │ mlp                                                                    │
│ experiment.model.encoder.norm… │ layernorm                                                              │
│ experiment.model.encoder.drop… │ 0.1                                                                    │
│ experiment.model.encoder.vit_… │ 64                                                                     │
│ experiment.model.decoder.in_c… │ 64                                                                     │
│ experiment.model.decoder.out_… │ 3                                                                      │
│ experiment.model.decoder.upsc… │ 16                                                                     │
│ experiment.model.decoder.embe… │ 1024                                                                   │
│ experiment.model.decoder.depth │ 12                                                                     │
│ experiment.model.decoder.num_… │ 16                                                                     │
│ experiment.model.decoder.ffn_… │ mlp                                                                    │
│ experiment.model.decoder.norm… │ layernorm                                                              │
│ experiment.teacher.enabled     │ True                                                                   │
│ experiment.teacher.names       │ ['dinov2']                                                             │
│ experiment.teacher.dinov2.mod… │ dinov2_vitl14                                                          │
│ experiment.teacher.dinov2.fea… │ 1024                                                                   │
│ experiment.teacher.dinov2.fre… │ True                                                                   │
│ experiment.teacher.dinov2.use… │ True                                                                   │
│ experiment.teacher.dinov2.num… │ 1                                                                      │
│ experiment.alignment.type      │ relational_kd                                                          │
│ experiment.alignment.weight    │ 1.0                                                                    │
│ experiment.alignment.margin    │ 0.2                                                                    │
│ experiment.alignment.include_… │ True                                                                   │
│ experiment.alignment.cos_marg… │ 0.0                                                                    │
│ experiment.alignment.projector │ linear                                                                 │
│ experiment.alignment.projecto… │ 0                                                                      │
│ experiment.loss.reconstructio… │ l1                                                                     │
│ experiment.loss.reconstructio… │ 1.0                                                                    │
│ experiment.loss.reconstructio… │ 1.0                                                                    │
│ experiment.loss.kl.weight      │ 1e-06                                                                  │
│ experiment.loss.gan.enabled    │ True                                                                   │
│ experiment.loss.gan.n_layers   │ 3                                                                      │
│ experiment.loss.gan.disc_start │ 50000                                                                  │
│ experiment.loss.gan.disc_weig… │ 0.5                                                                    │
│ experiment.loss.gan.lecam_wei… │ 0.01                                                                   │
│ experiment.loss.gaussianity.e… │ False                                                                  │
│ experiment.loss.gaussianity.w… │ 0.1                                                                    │
│ experiment.training.max_steps  │ 200000                                                                 │
│ experiment.training.seed       │ 42                                                                     │
│ experiment.training.mixed_pre… │ bf16                                                                   │
│ experiment.training.grad_accu… │ 1                                                                      │
│ experiment.training.grad_clip  │ 1.0                                                                    │
│ experiment.training.ema_decay  │ 0.9999                                                                 │
│ experiment.training.log_every  │ 100                                                                    │
│ experiment.training.save_every │ 10000                                                                  │
│ experiment.training.use_wandb  │ True                                                                   │
│ experiment.training.metrics_w… │ 100                                                                    │
│ experiment.training.exp_name   │ omnitok                                                                │
│ experiment.training.verbose    │ False                                                                  │
│ experiment.training.optimizer… │ adamw                                                                  │
│ experiment.training.optimizer… │ 0.0001                                                                 │
│ experiment.training.optimizer… │ 0.05                                                                   │
│ experiment.training.optimizer… │ [0.9, 0.95]                                                            │
│ experiment.training.scheduler… │ cosine                                                                 │
│ experiment.training.scheduler… │ 5000                                                                   │
│ experiment.training.scheduler… │ 1e-06                                                                  │
│ experiment.training.data.batc… │ 256                                                                    │
│ experiment.training.data.num_… │ 8                                                                      │
│ experiment.training.data.pin_… │ True                                                                   │
│ experiment.training.data.pers… │ True                                                                   │
│ experiment.exp_name            │ T0_vtp_baseline                                                        │
│ experiment.notes               │ VTP-style baseline: ViT-L + DINOv2 frozen + RelKD + GAN. Sanity check. │
└────────────────────────────────┴────────────────────────────────────────────────────────────────────────┘
[04/30/26 16:26:36] INFO     [INFO] Resolved config saved to outputs/dummy_test/config.yaml                                 
[2026-04-30 16:26:36,237][omnitok][INFO] - [INFO] Resolved config saved to outputs/dummy_test/config.yaml
                    INFO     [SETUP] Building components...                                                                 
[2026-04-30 16:26:36,242][omnitok][INFO] - [SETUP] Building components...
[2026-04-30 16:26:36,246][dinov3][INFO] - using base=100.0 for rope new
[2026-04-30 16:26:36,246][dinov3][INFO] - using min_period=None for rope new
[2026-04-30 16:26:36,246][dinov3][INFO] - using max_period=None for rope new
[2026-04-30 16:26:36,246][dinov3][INFO] - using normalize_coords=separate for rope new
[2026-04-30 16:26:36,246][dinov3][INFO] - using shift_coords=None for rope new
[2026-04-30 16:26:36,246][dinov3][INFO] - using rescale_coords=None for rope new
[2026-04-30 16:26:36,246][dinov3][INFO] - using jitter_coords=None for rope new
[2026-04-30 16:26:36,246][dinov3][INFO] - using dtype=bf16 for rope new
[2026-04-30 16:26:36,246][dinov3][INFO] - using mlp layer as FFN
[2026-04-30 16:26:36,458][root][INFO] - Feature bottleneck: 768 -> 32
[04/30/26 16:26:37] INFO     [ENCODER] Built Tokenizer: 171,356,928 params                                                  
[2026-04-30 16:26:37,044][omnitok][INFO] - [ENCODER] Built Tokenizer: 171,356,928 params
       Model Summary       
┏━━━━━━━━━━━┳━━━━━━━━━━━━━┓
┃ Component ┃      Params ┃
┡━━━━━━━━━━━╇━━━━━━━━━━━━━┩
│ total     │ 171,356,928 │
│ trainable │ 171,356,928 │
│ frozen    │           0 │
│ total     │      171.4M │
│ trainable │      171.4M │
└───────────┴─────────────┘
Error executing job with overrides: ['+experiment=T0_vtp_baseline', 'data.root=dummy_data', 'data.batch_size=2', 'training.max_steps=2', 'training.use_wandb=False', 'training.output_dir=outputs/dummy_test']
Traceback (most recent call last):
  File "/home/truongchau/Nguyen/OmniTok/train.py", line 296, in main
    teachers = _build_teachers(cfg, log)
  File "/home/truongchau/Nguyen/OmniTok/train.py", line 93, in _build_teachers
    teacher = MultiTeacher(teacher_configs)
  File "/home/truongchau/Nguyen/OmniTok/omnitok/teachers/multi_teacher.py", line 40, in __init__
    self.teachers = nn.ModuleDict(teachers)
  File "/home/truongchau/Nguyen/OmniTok/.venv/lib/python3.10/site-packages/torch/nn/modules/container.py", line 551, in __init__
    self.update(modules)
  File "/home/truongchau/Nguyen/OmniTok/.venv/lib/python3.10/site-packages/torch/nn/modules/container.py", line 623, in update
    self[key] = module
  File "/home/truongchau/Nguyen/OmniTok/.venv/lib/python3.10/site-packages/torch/nn/modules/container.py", line 558, in __setitem__
    self.add_module(key, module)
  File "/home/truongchau/Nguyen/OmniTok/.venv/lib/python3.10/site-packages/torch/nn/modules/module.py", line 654, in add_module
    raise TypeError(f"{torch.typename(module)} is not a Module subclass")
TypeError: omegaconf.dictconfig.DictConfig is not a Module subclass

Set the environment variable HYDRA_FULL_ERROR=1 for a complete stack trace.
